<?xml version="1.0" encoding="UTF-8"?>
<testng-results ignored="0" total="1" passed="1" failed="0" skipped="0">
  <reporter-output>
  </reporter-output>
  <suite started-at="2023-12-20T12:26:57 IST" name="Suite" finished-at="2023-12-20T12:27:17 IST" duration-ms="20094">
    <groups>
    </groups>
    <test started-at="2023-12-20T12:26:57 IST" name="Test" finished-at="2023-12-20T12:27:17 IST" duration-ms="20094">
      <class name="testCase.LoginTest">
        <test-method is-config="true" signature="setup()[pri:0, instance:testCase.LoginTest@68c72235]" started-at="2023-12-20T12:26:57 IST" name="setup" finished-at="2023-12-20T12:27:04 IST" duration-ms="7254" status="PASS">
          <reporter-output>
          </reporter-output>
        </test-method> <!-- setup -->
        <test-method signature="verifyLogin()[pri:0, instance:testCase.LoginTest@68c72235]" started-at="2023-12-20T12:27:04 IST" name="verifyLogin" finished-at="2023-12-20T12:27:10 IST" duration-ms="5434" status="PASS">
          <reporter-output>
          </reporter-output>
        </test-method> <!-- verifyLogin -->
        <test-method is-config="true" signature="teardown()[pri:0, instance:testCase.LoginTest@68c72235]" started-at="2023-12-20T12:27:10 IST" name="teardown" finished-at="2023-12-20T12:27:17 IST" duration-ms="7338" status="PASS">
          <reporter-output>
          </reporter-output>
        </test-method> <!-- teardown -->
      </class> <!-- testCase.LoginTest -->
    </test> <!-- Test -->
  </suite> <!-- Suite -->
</testng-results>
